[2021-12-28 23:09:02] [INFO] Watching for file changes with StatReloader
[2021-12-28 23:09:24] [INFO] /Users/jerome/Git/productManagement/backend/django_project/urls.py changed, reloading.
[2021-12-28 23:09:24] [INFO] Watching for file changes with StatReloader
[2021-12-28 23:09:45] [INFO] Watching for file changes with StatReloader
[2021-12-28 23:14:44] [INFO] Watching for file changes with StatReloader
[2021-12-28 23:18:31] [INFO] "POST /pm/function/getFunctionByType HTTP/1.1" 200 22707
[2021-12-28 23:18:31] [WARNING] "POST /pm/dict/getProductTypeByTypeCode?productType=electric_heater HTTP/1.1" 404 3807
[2021-12-28 23:18:31] [WARNING] "POST /pm/dict/getProductBranch HTTP/1.1" 404 3755
[2021-12-28 23:18:31] [WARNING] "POST /pm/dict/getProductCategoryByType?productType=electric_heater HTTP/1.1" 404 3807
[2021-12-28 23:18:31] [WARNING] "POST /pm/scenario/getScenarioByType?productType=electric_heater HTTP/1.1" 404 3798
[2021-12-28 23:18:31] [WARNING] "POST /pm/voiceFunction/getVoiceFunction HTTP/1.1" 404 3782
[2021-12-28 23:18:31] [WARNING] "POST /pm/sensor/getSensorByType?productType=electric_heater HTTP/1.1" 404 3786
[2021-12-28 23:18:31] [WARNING] "POST /pm/ecologyEntrance/getEcologyEntrance HTTP/1.1" 404 3794
[2021-12-28 23:18:31] [INFO] "OPTIONS /pm/product/queryProduct HTTP/1.1" 200 0
[2021-12-28 23:18:31] [INFO] "POST /pm/product/queryProduct HTTP/1.1" 200 4562
[2021-12-28 23:18:37] [WARNING] "POST /pm/dict/getProductTypeByTypeCode?productType=electric_heater HTTP/1.1" 404 3807
[2021-12-28 23:18:37] [WARNING] "POST /pm/dict/getProductCategoryByType?productType=electric_heater HTTP/1.1" 404 3807
[2021-12-28 23:18:37] [WARNING] "POST /pm/voiceFunction/getVoiceFunction HTTP/1.1" 404 3782
[2021-12-28 23:18:37] [WARNING] "POST /pm/scenario/getScenarioByType?productType=electric_heater HTTP/1.1" 404 3798
[2021-12-28 23:18:37] [WARNING] "POST /pm/dict/getProductBranch HTTP/1.1" 404 3755
[2021-12-28 23:18:37] [WARNING] "POST /pm/sensor/getSensorByType?productType=electric_heater HTTP/1.1" 404 3786
[2021-12-28 23:18:37] [INFO] "POST /pm/product/queryProduct HTTP/1.1" 200 4562
[2021-12-28 23:18:37] [INFO] "POST /pm/function/getFunctionByType HTTP/1.1" 200 22707
[2021-12-28 23:18:37] [WARNING] "POST /pm/ecologyEntrance/getEcologyEntrance HTTP/1.1" 404 3794
[2021-12-28 23:18:39] [INFO] "POST /pm/product/queryProduct HTTP/1.1" 200 4562
[2021-12-28 23:18:39] [WARNING] "POST /pm/scenario/getScenarioByType?productType=electric_heater HTTP/1.1" 404 3798
[2021-12-28 23:18:39] [WARNING] "POST /pm/dict/getProductCategoryByType?productType=electric_heater HTTP/1.1" 404 3807
[2021-12-28 23:18:39] [WARNING] "POST /pm/dict/getProductBranch HTTP/1.1" 404 3755
[2021-12-28 23:18:39] [WARNING] "POST /pm/dict/getProductTypeByTypeCode?productType=electric_heater HTTP/1.1" 404 3807
[2021-12-28 23:18:39] [WARNING] "POST /pm/voiceFunction/getVoiceFunction HTTP/1.1" 404 3782
[2021-12-28 23:18:39] [WARNING] "POST /pm/sensor/getSensorByType?productType=electric_heater HTTP/1.1" 404 3786
[2021-12-28 23:18:39] [WARNING] "POST /pm/ecologyEntrance/getEcologyEntrance HTTP/1.1" 404 3794
[2021-12-28 23:18:39] [INFO] "POST /pm/function/getFunctionByType HTTP/1.1" 200 22707
[2021-12-28 23:20:06] [WARNING] "POST /pm/dict/getProductBranch HTTP/1.1" 404 3755
[2021-12-28 23:20:07] [WARNING] "POST /pm/user/getAllAuth HTTP/1.1" 404 3737
[2021-12-28 23:20:07] [WARNING] "POST /pm/user/getAllUser HTTP/1.1" 404 3737
[2021-12-28 23:20:41] [WARNING] "POST /pm/user/getAllUser HTTP/1.1" 404 3737
[2021-12-28 23:20:41] [WARNING] "POST /pm/user/getAllAuth HTTP/1.1" 404 3737
[2021-12-28 23:22:37] [WARNING] "POST /pm/user/getAllUser HTTP/1.1" 404 3737
[2021-12-28 23:22:37] [WARNING] "POST /pm/user/getAllAuth HTTP/1.1" 404 3737
[2021-12-28 23:23:06] [WARNING] "POST /pm/user/getAllAuth HTTP/1.1" 404 3737
[2021-12-28 23:23:06] [WARNING] "POST /pm/user/getAllUser HTTP/1.1" 404 3737
[2021-12-28 23:23:27] [WARNING] "POST /pm/dict/getProductTypeByTypeCode?productType=electric_heater HTTP/1.1" 404 3807
[2021-12-28 23:23:27] [WARNING] "POST /pm/dict/getProductBranch HTTP/1.1" 404 3755
[2021-12-28 23:23:27] [WARNING] "POST /pm/voiceFunction/getVoiceFunction HTTP/1.1" 404 3782
[2021-12-28 23:23:27] [WARNING] "POST /pm/dict/getProductCategoryByType?productType=electric_heater HTTP/1.1" 404 3807
[2021-12-28 23:23:27] [WARNING] "POST /pm/ecologyEntrance/getEcologyEntrance HTTP/1.1" 404 3794
[2021-12-28 23:23:27] [INFO] "POST /pm/function/getFunctionByType HTTP/1.1" 200 22707
[2021-12-28 23:23:27] [WARNING] "POST /pm/scenario/getScenarioByType?productType=electric_heater HTTP/1.1" 404 3798
[2021-12-28 23:23:27] [INFO] "POST /pm/product/queryProduct HTTP/1.1" 200 4562
[2021-12-28 23:23:27] [WARNING] "POST /pm/sensor/getSensorByType?productType=electric_heater HTTP/1.1" 404 3786
[2021-12-28 23:23:28] [WARNING] "POST /pm/dict/getProductCategoryByType?productType=electric_heater HTTP/1.1" 404 3807
[2021-12-28 23:23:28] [WARNING] "POST /pm/dict/getProductBranch HTTP/1.1" 404 3755
[2021-12-28 23:23:28] [INFO] "POST /pm/product/queryProduct HTTP/1.1" 200 4562
[2021-12-28 23:23:28] [WARNING] "POST /pm/dict/getProductTypeByTypeCode?productType=electric_heater HTTP/1.1" 404 3807
[2021-12-28 23:23:28] [WARNING] "POST /pm/scenario/getScenarioByType?productType=electric_heater HTTP/1.1" 404 3798
[2021-12-28 23:23:28] [WARNING] "POST /pm/sensor/getSensorByType?productType=electric_heater HTTP/1.1" 404 3786
[2021-12-28 23:23:28] [INFO] "POST /pm/function/getFunctionByType HTTP/1.1" 200 22707
[2021-12-28 23:23:28] [WARNING] "POST /pm/ecologyEntrance/getEcologyEntrance HTTP/1.1" 404 3794
[2021-12-28 23:23:28] [WARNING] "POST /pm/voiceFunction/getVoiceFunction HTTP/1.1" 404 3782
[2021-12-28 23:23:30] [WARNING] "POST /pm/dict/getProductBranch HTTP/1.1" 404 3755
[2021-12-28 23:23:30] [WARNING] "POST /pm/dict/getProductTypeByTypeCode?productType=electric_heater HTTP/1.1" 404 3807
[2021-12-28 23:23:30] [WARNING] "POST /pm/scenario/getScenarioByType?productType=electric_heater HTTP/1.1" 404 3798
[2021-12-28 23:23:30] [WARNING] "POST /pm/dict/getProductCategoryByType?productType=electric_heater HTTP/1.1" 404 3807
[2021-12-28 23:23:30] [WARNING] "POST /pm/voiceFunction/getVoiceFunction HTTP/1.1" 404 3782
[2021-12-28 23:23:30] [WARNING] "POST /pm/sensor/getSensorByType?productType=electric_heater HTTP/1.1" 404 3786
[2021-12-28 23:23:30] [INFO] "POST /pm/product/queryProduct HTTP/1.1" 200 4562
[2021-12-28 23:23:30] [WARNING] "POST /pm/ecologyEntrance/getEcologyEntrance HTTP/1.1" 404 3794
[2021-12-28 23:23:30] [INFO] "POST /pm/function/getFunctionByType HTTP/1.1" 200 22707
[2021-12-28 23:23:38] [INFO] "POST /pm/product/queryProduct HTTP/1.1" 200 4562
[2021-12-28 23:23:38] [WARNING] "POST /pm/scenario/getScenarioByType?productType=electric_heater HTTP/1.1" 404 3798
[2021-12-28 23:23:38] [WARNING] "POST /pm/dict/getProductCategoryByType?productType=electric_heater HTTP/1.1" 404 3807
[2021-12-28 23:23:38] [WARNING] "POST /pm/dict/getProductTypeByTypeCode?productType=electric_heater HTTP/1.1" 404 3807
[2021-12-28 23:23:38] [WARNING] "POST /pm/dict/getProductBranch HTTP/1.1" 404 3755
[2021-12-28 23:23:38] [INFO] "POST /pm/function/getFunctionByType HTTP/1.1" 200 22707
[2021-12-28 23:23:38] [WARNING] "POST /pm/ecologyEntrance/getEcologyEntrance HTTP/1.1" 404 3794
[2021-12-28 23:23:38] [WARNING] "POST /pm/voiceFunction/getVoiceFunction HTTP/1.1" 404 3782
[2021-12-28 23:23:38] [WARNING] "POST /pm/sensor/getSensorByType?productType=electric_heater HTTP/1.1" 404 3786
[2021-12-28 23:27:49] [INFO] "POST /pm/dict/getProductType HTTP/1.1" 200 111
[2021-12-28 23:27:49] [INFO] "POST /pm/function/getFunctionByType HTTP/1.1" 200 22707
[2021-12-28 23:27:49] [WARNING] "POST /pm/dict/getProductTypeByTypeCode?productType=undefined HTTP/1.1" 404 3801
[2021-12-28 23:27:49] [INFO] "POST /pm/function/getFunctionType HTTP/1.1" 200 2460
[2021-12-28 23:27:49] [WARNING] "POST /pm/dict/getProductCategoryByType?productType=undefined HTTP/1.1" 404 3801
[2021-12-28 23:27:49] [WARNING] "POST /pm/sensor/getSensorByType?productType=undefined HTTP/1.1" 404 3780
[2021-12-28 23:27:49] [WARNING] "POST /pm/scenario/getScenarioByType?productType=undefined HTTP/1.1" 404 3792
[2021-12-28 23:27:49] [INFO] "POST /pm/dict/getProductType HTTP/1.1" 200 111
[2021-12-28 23:27:49] [WARNING] "POST /pm/voiceFunction/getVoiceFunction HTTP/1.1" 404 3782
[2021-12-28 23:27:49] [INFO] "POST /pm/product/getProductModel HTTP/1.1" 200 4562
[2021-12-28 23:27:49] [WARNING] "POST /pm/dict/getProductBranch HTTP/1.1" 404 3755
[2021-12-28 23:27:49] [WARNING] "POST /pm/ecologyEntrance/getEcologyEntrance HTTP/1.1" 404 3794
[2021-12-28 23:27:49] [WARNING] "POST /pm/dict/getProductTypeByTypeCode?productType= HTTP/1.1" 404 3792
[2021-12-28 23:27:49] [WARNING] "POST /pm/scenario/getScenarioByType?productType= HTTP/1.1" 404 3783
[2021-12-28 23:27:49] [INFO] "POST /pm/function/getFunctionType HTTP/1.1" 200 2460
[2021-12-28 23:27:49] [WARNING] "POST /pm/dict/getProductCategoryByType?productType= HTTP/1.1" 404 3792
[2021-12-28 23:27:49] [WARNING] "POST /pm/dict/getProductBranch HTTP/1.1" 404 3755
[2021-12-28 23:27:49] [WARNING] "POST /pm/sensor/getSensorByType?productType= HTTP/1.1" 404 3771
[2021-12-28 23:27:49] [WARNING] "POST /pm/voiceFunction/getVoiceFunction HTTP/1.1" 404 3782
[2021-12-28 23:27:49] [WARNING] "POST /pm/ecologyEntrance/getEcologyEntrance HTTP/1.1" 404 3794
[2021-12-28 23:27:49] [WARNING] "POST /pm/user/getAllUserIdAndName HTTP/1.1" 404 3764
[2021-12-28 23:27:49] [INFO] "POST /pm/product/getProductModel HTTP/1.1" 200 4562
[2021-12-28 23:27:49] [WARNING] "POST /pm/auditGroup/queryAuditGroupByUserId?id=2 HTTP/1.1" 404 3799
[2021-12-28 23:27:49] [INFO] "POST /pm/function/getFunctionByType HTTP/1.1" 200 22707
[2021-12-28 23:27:49] [WARNING] "POST /pm/auditGroup/queryAuditGroupByUserId?id=2 HTTP/1.1" 404 3799
[2021-12-28 23:27:49] [INFO] "POST /pm/task/queryUnhandledTaskList?userId=2 HTTP/1.1" 200 342
[2021-12-28 23:27:49] [WARNING] "POST /pm/user/getAllUserIdAndName HTTP/1.1" 404 3764
[2021-12-28 23:27:49] [WARNING] "POST /pm/user/getAllUserIdAndName HTTP/1.1" 404 3764
[2021-12-28 23:27:49] [WARNING] "POST /pm/auditGroup/queryAuditGroupByUserId?id=2 HTTP/1.1" 404 3799
[2021-12-28 23:28:04] [WARNING] "POST /pm/user/getAllUser HTTP/1.1" 404 3737
[2021-12-28 23:28:04] [WARNING] "POST /pm/auditGroup/queryAuditGroupByUserId?id=2 HTTP/1.1" 404 3799
[2021-12-28 23:28:07] [INFO] "POST /pm/function/getFunctionByType HTTP/1.1" 200 22707
[2021-12-28 23:28:07] [INFO] "POST /pm/function/getFunctionType HTTP/1.1" 200 2460
[2021-12-28 23:28:07] [WARNING] "POST /pm/dict/getProductCategoryByType?productType=undefined HTTP/1.1" 404 3801
[2021-12-28 23:28:07] [INFO] "POST /pm/dict/getProductType HTTP/1.1" 200 111
[2021-12-28 23:28:07] [WARNING] "POST /pm/voiceFunction/getVoiceFunction HTTP/1.1" 404 3782
[2021-12-28 23:28:07] [WARNING] "POST /pm/dict/getProductTypeByTypeCode?productType=undefined HTTP/1.1" 404 3801
[2021-12-28 23:28:07] [WARNING] "POST /pm/sensor/getSensorByType?productType=undefined HTTP/1.1" 404 3780
[2021-12-28 23:28:07] [INFO] "POST /pm/dict/getProductType HTTP/1.1" 200 111
[2021-12-28 23:28:07] [WARNING] "POST /pm/scenario/getScenarioByType?productType=undefined HTTP/1.1" 404 3792
[2021-12-28 23:28:07] [WARNING] "POST /pm/dict/getProductBranch HTTP/1.1" 404 3755
[2021-12-28 23:28:07] [WARNING] "POST /pm/ecologyEntrance/getEcologyEntrance HTTP/1.1" 404 3794
[2021-12-28 23:28:07] [INFO] "POST /pm/product/getProductModel HTTP/1.1" 200 4562
[2021-12-28 23:28:07] [WARNING] "POST /pm/dict/getProductTypeByTypeCode?productType= HTTP/1.1" 404 3792
[2021-12-28 23:28:07] [INFO] "POST /pm/function/getFunctionType HTTP/1.1" 200 2460
[2021-12-28 23:28:07] [WARNING] "POST /pm/dict/getProductCategoryByType?productType= HTTP/1.1" 404 3792
[2021-12-28 23:28:07] [WARNING] "POST /pm/scenario/getScenarioByType?productType= HTTP/1.1" 404 3783
[2021-12-28 23:28:07] [WARNING] "POST /pm/dict/getProductBranch HTTP/1.1" 404 3755
[2021-12-28 23:28:07] [INFO] "POST /pm/function/getFunctionByType HTTP/1.1" 200 22707
[2021-12-28 23:28:07] [INFO] "POST /pm/product/getProductModel HTTP/1.1" 200 4562
[2021-12-28 23:28:07] [WARNING] "POST /pm/sensor/getSensorByType?productType= HTTP/1.1" 404 3771
[2021-12-28 23:28:07] [WARNING] "POST /pm/voiceFunction/getVoiceFunction HTTP/1.1" 404 3782
[2021-12-28 23:28:07] [WARNING] "POST /pm/ecologyEntrance/getEcologyEntrance HTTP/1.1" 404 3794
[2021-12-28 23:28:07] [WARNING] "POST /pm/auditGroup/queryAuditGroupByUserId?id=2 HTTP/1.1" 404 3799
[2021-12-28 23:28:07] [WARNING] "POST /pm/user/getAllUserIdAndName HTTP/1.1" 404 3764
[2021-12-28 23:28:07] [INFO] "POST /pm/task/queryUnhandledTaskList?userId=2 HTTP/1.1" 200 342
[2021-12-28 23:28:07] [WARNING] "POST /pm/auditGroup/queryAuditGroupByUserId?id=2 HTTP/1.1" 404 3799
[2021-12-28 23:28:07] [WARNING] "POST /pm/user/getAllUserIdAndName HTTP/1.1" 404 3764
[2021-12-28 23:28:07] [WARNING] "POST /pm/user/getAllUserIdAndName HTTP/1.1" 404 3764
[2021-12-28 23:28:07] [WARNING] "POST /pm/auditGroup/queryAuditGroupByUserId?id=2 HTTP/1.1" 404 3799
[2021-12-28 23:28:08] [INFO] "POST /pm/dict/getProductType HTTP/1.1" 200 111
[2021-12-28 23:28:08] [INFO] "POST /pm/product/getProductModel HTTP/1.1" 200 4562
[2021-12-28 23:28:08] [WARNING] "POST /pm/voiceFunction/getVoiceFunction HTTP/1.1" 404 3782
[2021-12-28 23:28:08] [WARNING] "POST /pm/ecologyEntrance/getEcologyEntrance HTTP/1.1" 404 3794
[2021-12-28 23:28:08] [WARNING] "POST /pm/sensor/getSensorByType?productType=electric_heater HTTP/1.1" 404 3786
[2021-12-28 23:28:08] [WARNING] "POST /pm/scenario/getScenarioByType?productType=electric_heater HTTP/1.1" 404 3798
[2021-12-28 23:28:08] [INFO] "POST /pm/function/getFunctionByType HTTP/1.1" 200 22707
[2021-12-28 23:28:10] [INFO] "POST /pm/function/getFunctionType HTTP/1.1" 200 2460
[2021-12-28 23:28:10] [WARNING] "POST /pm/sensor/getSensorByType?productType=undefined HTTP/1.1" 404 3780
[2021-12-28 23:28:10] [WARNING] "POST /pm/dict/getProductTypeByTypeCode?productType=undefined HTTP/1.1" 404 3801
[2021-12-28 23:28:10] [WARNING] "POST /pm/dict/getProductCategoryByType?productType=undefined HTTP/1.1" 404 3801
[2021-12-28 23:28:10] [INFO] "POST /pm/function/getFunctionByType HTTP/1.1" 200 22707
[2021-12-28 23:28:10] [WARNING] "POST /pm/scenario/getScenarioByType?productType=undefined HTTP/1.1" 404 3792
[2021-12-28 23:30:09] [INFO] "POST /pm/dict/getProductType HTTP/1.1" 200 111
[2021-12-28 23:30:09] [WARNING] "POST /pm/scenario/getScenarioByType?productType=electric_heater HTTP/1.1" 404 3798
[2021-12-28 23:30:09] [WARNING] "POST /pm/sensor/getSensorByType?productType=electric_heater HTTP/1.1" 404 3786
[2021-12-28 23:30:09] [WARNING] "POST /pm/dict/getProductCategoryByType?productType=electric_heater HTTP/1.1" 404 3807
[2021-12-28 23:30:09] [WARNING] "POST /pm/dict/getProductTypeByTypeCode?productType=electric_heater HTTP/1.1" 404 3807
[2021-12-28 23:30:09] [INFO] "POST /pm/function/getFunctionType HTTP/1.1" 200 2460
[2021-12-28 23:30:09] [WARNING] "POST /pm/auditGroup/queryAuditGroupByUserId?id=2 HTTP/1.1" 404 3799
[2021-12-28 23:30:09] [INFO] "POST /pm/function/getFunctionByType HTTP/1.1" 200 22707
[2021-12-28 23:30:09] [INFO] "POST /pm/product/getProductModel HTTP/1.1" 200 4562
[2021-12-28 23:30:09] [WARNING] "POST /pm/voiceFunction/getVoiceFunction HTTP/1.1" 404 3782
[2021-12-28 23:30:09] [WARNING] "POST /pm/dict/getProductBranch HTTP/1.1" 404 3755
[2021-12-28 23:30:09] [WARNING] "POST /pm/user/getAllUserIdAndName HTTP/1.1" 404 3764
[2021-12-28 23:30:09] [WARNING] "POST /pm/ecologyEntrance/getEcologyEntrance HTTP/1.1" 404 3794
[2021-12-28 23:30:29] [INFO] "POST /pm/dict/getProductType HTTP/1.1" 200 111
[2021-12-28 23:30:30] [WARNING] "POST /pm/dict/getProductCategoryByType?productType=undefined HTTP/1.1" 404 3801
[2021-12-28 23:30:30] [WARNING] "POST /pm/scenario/getScenarioByType?productType=undefined HTTP/1.1" 404 3792
[2021-12-28 23:30:30] [WARNING] "POST /pm/sensor/getSensorByType?productType=undefined HTTP/1.1" 404 3780
[2021-12-28 23:30:30] [WARNING] "POST /pm/dict/getProductTypeByTypeCode?productType=undefined HTTP/1.1" 404 3801
[2021-12-28 23:30:30] [INFO] "POST /pm/function/getFunctionType HTTP/1.1" 200 2460
[2021-12-28 23:30:30] [INFO] "POST /pm/dict/getProductType HTTP/1.1" 200 111
[2021-12-28 23:30:30] [WARNING] "POST /pm/dict/getProductBranch HTTP/1.1" 404 3755
[2021-12-28 23:30:30] [INFO] "POST /pm/function/getFunctionByType HTTP/1.1" 200 22707
[2021-12-28 23:30:30] [WARNING] "POST /pm/voiceFunction/getVoiceFunction HTTP/1.1" 404 3782
[2021-12-28 23:30:30] [INFO] "POST /pm/product/getProductModel HTTP/1.1" 200 4562
[2021-12-28 23:30:30] [WARNING] "POST /pm/ecologyEntrance/getEcologyEntrance HTTP/1.1" 404 3794
[2021-12-28 23:30:30] [INFO] "POST /pm/function/getFunctionByType HTTP/1.1" 200 22707
[2021-12-28 23:30:30] [INFO] "POST /pm/function/getFunctionType HTTP/1.1" 200 2460
[2021-12-28 23:30:30] [WARNING] "POST /pm/dict/getProductCategoryByType?productType= HTTP/1.1" 404 3792
[2021-12-28 23:30:30] [WARNING] "POST /pm/scenario/getScenarioByType?productType= HTTP/1.1" 404 3783
[2021-12-28 23:30:30] [WARNING] "POST /pm/dict/getProductTypeByTypeCode?productType= HTTP/1.1" 404 3792
[2021-12-28 23:30:30] [INFO] "POST /pm/product/getProductModel HTTP/1.1" 200 4562
[2021-12-28 23:30:30] [WARNING] "POST /pm/dict/getProductBranch HTTP/1.1" 404 3755
[2021-12-28 23:30:30] [WARNING] "POST /pm/ecologyEntrance/getEcologyEntrance HTTP/1.1" 404 3794
[2021-12-28 23:30:30] [WARNING] "POST /pm/voiceFunction/getVoiceFunction HTTP/1.1" 404 3782
[2021-12-28 23:30:30] [WARNING] "POST /pm/sensor/getSensorByType?productType= HTTP/1.1" 404 3771
[2021-12-28 23:30:30] [WARNING] "POST /pm/user/getAllUserIdAndName HTTP/1.1" 404 3764
[2021-12-28 23:30:30] [WARNING] "POST /pm/auditGroup/queryAuditGroupByUserId?id=2 HTTP/1.1" 404 3799
[2021-12-28 23:30:30] [WARNING] "POST /pm/auditGroup/queryAuditGroupByUserId?id=2 HTTP/1.1" 404 3799
[2021-12-28 23:30:30] [WARNING] "POST /pm/auditGroup/queryAuditGroupByUserId?id=2 HTTP/1.1" 404 3799
[2021-12-28 23:30:30] [WARNING] "POST /pm/user/getAllUserIdAndName HTTP/1.1" 404 3764
[2021-12-28 23:30:30] [INFO] "POST /pm/task/queryUnhandledTaskList?userId=2 HTTP/1.1" 200 342
[2021-12-28 23:30:30] [WARNING] "POST /pm/user/getAllUserIdAndName HTTP/1.1" 404 3764
[2021-12-28 23:30:31] [INFO] "POST /pm/dict/getProductType HTTP/1.1" 200 111
[2021-12-28 23:30:31] [INFO] "POST /pm/product/getProductModel HTTP/1.1" 200 4562
[2021-12-28 23:30:31] [WARNING] "POST /pm/ecologyEntrance/getEcologyEntrance HTTP/1.1" 404 3794
[2021-12-28 23:30:31] [WARNING] "POST /pm/voiceFunction/getVoiceFunction HTTP/1.1" 404 3782
[2021-12-28 23:30:31] [WARNING] "POST /pm/sensor/getSensorByType?productType=electric_heater HTTP/1.1" 404 3786
[2021-12-28 23:30:31] [WARNING] "POST /pm/scenario/getScenarioByType?productType=electric_heater HTTP/1.1" 404 3798
[2021-12-28 23:30:31] [INFO] "POST /pm/function/getFunctionByType HTTP/1.1" 200 22707
[2021-12-28 23:30:33] [WARNING] "POST /pm/sensor/getSensorByType?productType=undefined HTTP/1.1" 404 3780
[2021-12-28 23:30:33] [INFO] "POST /pm/function/getFunctionType HTTP/1.1" 200 2460
[2021-12-28 23:30:33] [WARNING] "POST /pm/scenario/getScenarioByType?productType=undefined HTTP/1.1" 404 3792
[2021-12-28 23:30:33] [WARNING] "POST /pm/dict/getProductCategoryByType?productType=undefined HTTP/1.1" 404 3801
[2021-12-28 23:30:33] [WARNING] "POST /pm/dict/getProductTypeByTypeCode?productType=undefined HTTP/1.1" 404 3801
[2021-12-28 23:30:33] [INFO] "POST /pm/function/getFunctionByType HTTP/1.1" 200 22707
[2021-12-28 23:30:37] [INFO] "POST /pm/product/queryProduct HTTP/1.1" 200 4562
[2021-12-28 23:31:18] [INFO] "POST /pm/dict/getProductType HTTP/1.1" 200 111
[2021-12-28 23:31:18] [INFO] "POST /pm/function/getFunctionType HTTP/1.1" 200 2460
[2021-12-28 23:31:18] [WARNING] "POST /pm/sensor/getSensorByType?productType=undefined HTTP/1.1" 404 3780
[2021-12-28 23:31:18] [WARNING] "POST /pm/scenario/getScenarioByType?productType=undefined HTTP/1.1" 404 3792
[2021-12-28 23:31:18] [WARNING] "POST /pm/dict/getProductTypeByTypeCode?productType=undefined HTTP/1.1" 404 3801
[2021-12-28 23:31:18] [WARNING] "POST /pm/dict/getProductCategoryByType?productType=undefined HTTP/1.1" 404 3801
[2021-12-28 23:31:18] [INFO] "POST /pm/dict/getProductType HTTP/1.1" 200 111
[2021-12-28 23:31:18] [INFO] "POST /pm/product/getProductModel HTTP/1.1" 200 4562
[2021-12-28 23:31:18] [WARNING] "POST /pm/dict/getProductBranch HTTP/1.1" 404 3755
[2021-12-28 23:31:18] [WARNING] "POST /pm/voiceFunction/getVoiceFunction HTTP/1.1" 404 3782
[2021-12-28 23:31:18] [WARNING] "POST /pm/dict/getProductCategoryByType?productType= HTTP/1.1" 404 3792
[2021-12-28 23:31:18] [INFO] "POST /pm/function/getFunctionByType HTTP/1.1" 200 22707
[2021-12-28 23:31:18] [WARNING] "POST /pm/dict/getProductTypeByTypeCode?productType= HTTP/1.1" 404 3792
[2021-12-28 23:31:18] [INFO] "POST /pm/function/getFunctionType HTTP/1.1" 200 2460
[2021-12-28 23:31:18] [WARNING] "POST /pm/ecologyEntrance/getEcologyEntrance HTTP/1.1" 404 3794
[2021-12-28 23:31:18] [WARNING] "POST /pm/scenario/getScenarioByType?productType= HTTP/1.1" 404 3783
[2021-12-28 23:31:18] [WARNING] "POST /pm/dict/getProductBranch HTTP/1.1" 404 3755
[2021-12-28 23:31:18] [INFO] "POST /pm/function/getFunctionByType HTTP/1.1" 200 22707
[2021-12-28 23:31:18] [WARNING] "POST /pm/voiceFunction/getVoiceFunction HTTP/1.1" 404 3782
[2021-12-28 23:31:18] [WARNING] "POST /pm/ecologyEntrance/getEcologyEntrance HTTP/1.1" 404 3794
[2021-12-28 23:31:18] [WARNING] "POST /pm/sensor/getSensorByType?productType= HTTP/1.1" 404 3771
[2021-12-28 23:31:18] [WARNING] "POST /pm/auditGroup/queryAuditGroupByUserId?id=2 HTTP/1.1" 404 3799
[2021-12-28 23:31:18] [INFO] "POST /pm/product/getProductModel HTTP/1.1" 200 4562
[2021-12-28 23:31:18] [WARNING] "POST /pm/user/getAllUserIdAndName HTTP/1.1" 404 3764
[2021-12-28 23:31:18] [WARNING] "POST /pm/auditGroup/queryAuditGroupByUserId?id=2 HTTP/1.1" 404 3799
[2021-12-28 23:31:18] [INFO] "POST /pm/task/queryUnhandledTaskList?userId=2 HTTP/1.1" 200 342
[2021-12-28 23:31:18] [WARNING] "POST /pm/user/getAllUserIdAndName HTTP/1.1" 404 3764
[2021-12-28 23:31:18] [WARNING] "POST /pm/user/getAllUserIdAndName HTTP/1.1" 404 3764
[2021-12-28 23:31:18] [WARNING] "POST /pm/auditGroup/queryAuditGroupByUserId?id=2 HTTP/1.1" 404 3799
[2021-12-28 23:31:19] [INFO] "POST /pm/dict/getProductType HTTP/1.1" 200 111
[2021-12-28 23:31:19] [INFO] "POST /pm/product/getProductModel HTTP/1.1" 200 4562
[2021-12-28 23:31:19] [WARNING] "POST /pm/voiceFunction/getVoiceFunction HTTP/1.1" 404 3782
[2021-12-28 23:31:19] [WARNING] "POST /pm/ecologyEntrance/getEcologyEntrance HTTP/1.1" 404 3794
[2021-12-28 23:31:19] [INFO] "POST /pm/function/getFunctionByType HTTP/1.1" 200 22707
[2021-12-28 23:31:19] [WARNING] "POST /pm/sensor/getSensorByType?productType=electric_heater HTTP/1.1" 404 3786
[2021-12-28 23:31:19] [WARNING] "POST /pm/scenario/getScenarioByType?productType=electric_heater HTTP/1.1" 404 3798
[2021-12-28 23:31:21] [WARNING] "POST /pm/dict/getProductTypeByTypeCode?productType=undefined HTTP/1.1" 404 3801
[2021-12-28 23:31:21] [WARNING] "POST /pm/sensor/getSensorByType?productType=undefined HTTP/1.1" 404 3780
[2021-12-28 23:31:21] [WARNING] "POST /pm/dict/getProductCategoryByType?productType=undefined HTTP/1.1" 404 3801
[2021-12-28 23:31:21] [INFO] "POST /pm/function/getFunctionType HTTP/1.1" 200 2460
[2021-12-28 23:31:21] [WARNING] "POST /pm/scenario/getScenarioByType?productType=undefined HTTP/1.1" 404 3792
[2021-12-28 23:31:21] [INFO] "POST /pm/function/getFunctionByType HTTP/1.1" 200 22707
[2021-12-28 23:35:49] [INFO] "POST /pm/dict/getProductType HTTP/1.1" 200 111
[2021-12-28 23:35:49] [INFO] "POST /pm/function/getFunctionType HTTP/1.1" 200 2460
[2021-12-28 23:35:49] [WARNING] "POST /pm/dict/getProductTypeByTypeCode?productType=undefined HTTP/1.1" 404 3801
[2021-12-28 23:35:49] [WARNING] "POST /pm/dict/getProductCategoryByType?productType=undefined HTTP/1.1" 404 3801
[2021-12-28 23:35:49] [WARNING] "POST /pm/sensor/getSensorByType?productType=undefined HTTP/1.1" 404 3780
[2021-12-28 23:35:49] [INFO] "POST /pm/function/getFunctionByType HTTP/1.1" 200 22707
[2021-12-28 23:35:49] [WARNING] "POST /pm/scenario/getScenarioByType?productType=undefined HTTP/1.1" 404 3792
[2021-12-28 23:35:49] [INFO] "POST /pm/dict/getProductType HTTP/1.1" 200 111
[2021-12-28 23:35:49] [WARNING] "POST /pm/ecologyEntrance/getEcologyEntrance HTTP/1.1" 404 3794
[2021-12-28 23:35:49] [WARNING] "POST /pm/scenario/getScenarioByType?productType= HTTP/1.1" 404 3783
[2021-12-28 23:35:49] [INFO] "POST /pm/product/getProductModel HTTP/1.1" 200 4562
[2021-12-28 23:35:49] [WARNING] "POST /pm/dict/getProductBranch HTTP/1.1" 404 3755
[2021-12-28 23:35:49] [WARNING] "POST /pm/voiceFunction/getVoiceFunction HTTP/1.1" 404 3782
[2021-12-28 23:35:49] [INFO] "POST /pm/function/getFunctionType HTTP/1.1" 200 2460
[2021-12-28 23:35:49] [WARNING] "POST /pm/dict/getProductTypeByTypeCode?productType= HTTP/1.1" 404 3792
[2021-12-28 23:35:49] [WARNING] "POST /pm/sensor/getSensorByType?productType= HTTP/1.1" 404 3771
[2021-12-28 23:35:49] [INFO] "POST /pm/function/getFunctionByType HTTP/1.1" 200 22707
[2021-12-28 23:35:49] [WARNING] "POST /pm/dict/getProductCategoryByType?productType= HTTP/1.1" 404 3792
[2021-12-28 23:35:49] [WARNING] "POST /pm/dict/getProductBranch HTTP/1.1" 404 3755
[2021-12-28 23:35:49] [WARNING] "POST /pm/voiceFunction/getVoiceFunction HTTP/1.1" 404 3782
[2021-12-28 23:35:49] [INFO] "POST /pm/product/getProductModel HTTP/1.1" 200 4562
[2021-12-28 23:35:49] [WARNING] "POST /pm/ecologyEntrance/getEcologyEntrance HTTP/1.1" 404 3794
[2021-12-28 23:35:49] [WARNING] "POST /pm/auditGroup/queryAuditGroupByUserId?id=2 HTTP/1.1" 404 3799
[2021-12-28 23:35:49] [WARNING] "POST /pm/user/getAllUserIdAndName HTTP/1.1" 404 3764
[2021-12-28 23:35:49] [INFO] "POST /pm/task/queryUnhandledTaskList?userId=2 HTTP/1.1" 200 342
[2021-12-28 23:35:49] [WARNING] "POST /pm/user/getAllUserIdAndName HTTP/1.1" 404 3764
[2021-12-28 23:35:49] [WARNING] "POST /pm/auditGroup/queryAuditGroupByUserId?id=2 HTTP/1.1" 404 3799
[2021-12-28 23:35:49] [WARNING] "POST /pm/auditGroup/queryAuditGroupByUserId?id=2 HTTP/1.1" 404 3799
[2021-12-28 23:35:49] [WARNING] "POST /pm/user/getAllUserIdAndName HTTP/1.1" 404 3764
[2021-12-28 23:35:50] [INFO] "POST /pm/dict/getProductType HTTP/1.1" 200 111
[2021-12-28 23:35:50] [INFO] "POST /pm/product/getProductModel HTTP/1.1" 200 4562
[2021-12-28 23:35:50] [WARNING] "POST /pm/ecologyEntrance/getEcologyEntrance HTTP/1.1" 404 3794
[2021-12-28 23:35:50] [WARNING] "POST /pm/scenario/getScenarioByType?productType=electric_heater HTTP/1.1" 404 3798
[2021-12-28 23:35:50] [WARNING] "POST /pm/voiceFunction/getVoiceFunction HTTP/1.1" 404 3782
[2021-12-28 23:35:50] [WARNING] "POST /pm/sensor/getSensorByType?productType=electric_heater HTTP/1.1" 404 3786
[2021-12-28 23:35:50] [INFO] "POST /pm/function/getFunctionByType HTTP/1.1" 200 22707
[2021-12-28 23:35:52] [WARNING] "POST /pm/dict/getProductCategoryByType?productType=undefined HTTP/1.1" 404 3801
[2021-12-28 23:35:52] [WARNING] "POST /pm/dict/getProductTypeByTypeCode?productType=undefined HTTP/1.1" 404 3801
[2021-12-28 23:35:52] [WARNING] "POST /pm/scenario/getScenarioByType?productType=undefined HTTP/1.1" 404 3792
[2021-12-28 23:35:52] [WARNING] "POST /pm/sensor/getSensorByType?productType=undefined HTTP/1.1" 404 3780
[2021-12-28 23:35:52] [INFO] "POST /pm/function/getFunctionType HTTP/1.1" 200 2460
[2021-12-28 23:35:52] [INFO] "POST /pm/function/getFunctionByType HTTP/1.1" 200 22707
[2021-12-28 23:38:49] [WARNING] "POST /pm/dict/getProductBranch HTTP/1.1" 404 3755
[2021-12-28 23:38:49] [WARNING] "POST /pm/scenario/getScenarioByType?productType=electric_heater HTTP/1.1" 404 3798
[2021-12-28 23:38:49] [WARNING] "POST /pm/dict/getProductTypeByTypeCode?productType=electric_heater HTTP/1.1" 404 3807
[2021-12-28 23:38:49] [WARNING] "POST /pm/voiceFunction/getVoiceFunction HTTP/1.1" 404 3782
[2021-12-28 23:38:49] [INFO] "POST /pm/function/getFunctionByType HTTP/1.1" 200 22707
[2021-12-28 23:38:49] [WARNING] "POST /pm/dict/getProductCategoryByType?productType=electric_heater HTTP/1.1" 404 3807
[2021-12-28 23:38:49] [INFO] "POST /pm/product/queryProduct HTTP/1.1" 200 4562
[2021-12-28 23:38:49] [WARNING] "POST /pm/sensor/getSensorByType?productType=electric_heater HTTP/1.1" 404 3786
[2021-12-28 23:38:49] [WARNING] "POST /pm/ecologyEntrance/getEcologyEntrance HTTP/1.1" 404 3794
[2021-12-28 23:38:54] [INFO] "POST /pm/function/getFunctionByType HTTP/1.1" 200 22707
[2021-12-28 23:39:36] [WARNING] "POST /pm/user/getAllUser HTTP/1.1" 404 3737
[2021-12-28 23:39:36] [WARNING] "POST /pm/user/getAllAuth HTTP/1.1" 404 3737
[2021-12-28 23:39:48] [INFO] "POST /pm/function/getFunctionByType HTTP/1.1" 200 22707
[2021-12-28 23:40:29] [INFO] "POST /pm/function/getFunctionByType HTTP/1.1" 200 22707
[2021-12-28 23:41:12] [INFO] "POST /pm/function/getFunctionByType HTTP/1.1" 200 22707
[2021-12-28 23:41:21] [WARNING] "POST /pm/user/getAllAuth HTTP/1.1" 404 3737
[2021-12-28 23:41:21] [WARNING] "POST /pm/user/getAllUser HTTP/1.1" 404 3737
[2021-12-28 23:41:21] [INFO] "POST /pm/function/getFunctionByType HTTP/1.1" 200 22707
[2021-12-28 23:41:50] [INFO] "POST /pm/function/getFunctionByType HTTP/1.1" 200 22707
[2021-12-28 23:41:54] [INFO] "POST /pm/function/getFunctionByType HTTP/1.1" 200 22707
[2021-12-28 23:42:02] [INFO] "POST /pm/dict/getProductType HTTP/1.1" 200 111
[2021-12-28 23:42:02] [INFO] "POST /pm/dict/getProductType HTTP/1.1" 200 111
[2021-12-28 23:42:02] [WARNING] "POST /pm/ecologyEntrance/getEcologyEntrance HTTP/1.1" 404 3794
[2021-12-28 23:42:02] [WARNING] "POST /pm/dict/getProductBranch HTTP/1.1" 404 3755
[2021-12-28 23:42:02] [WARNING] "POST /pm/voiceFunction/getVoiceFunction HTTP/1.1" 404 3782
[2021-12-28 23:42:02] [WARNING] "POST /pm/sensor/getSensorByType?productType=electric_heater HTTP/1.1" 404 3786
[2021-12-28 23:42:02] [WARNING] "POST /pm/scenario/getScenarioByType?productType=electric_heater HTTP/1.1" 404 3798
[2021-12-28 23:42:02] [WARNING] "POST /pm/dict/getProductCategoryByType?productType=electric_heater HTTP/1.1" 404 3807
[2021-12-28 23:42:02] [INFO] "POST /pm/function/getFunctionByType HTTP/1.1" 200 22707
[2021-12-28 23:42:02] [INFO] "POST /pm/product/queryProduct HTTP/1.1" 200 4562
[2021-12-28 23:42:04] [INFO] "POST /pm/function/getFunctionByType HTTP/1.1" 200 22707
[2021-12-29 00:22:46] [INFO] /Users/jerome/Git/productManagement/backend/django_project/settings.py changed, reloading.
[2021-12-29 00:22:46] [INFO] Watching for file changes with StatReloader
[2021-12-29 00:22:55] [INFO] /Users/jerome/Git/productManagement/backend/django_project/settings.py changed, reloading.
[2021-12-29 00:22:55] [INFO] Watching for file changes with StatReloader
[2022-01-02 10:53:42] [INFO] Watching for file changes with StatReloader
[2022-01-02 10:56:03] [INFO] Watching for file changes with StatReloader
[2022-01-02 10:56:45] [INFO] Watching for file changes with StatReloader
[2022-01-02 13:10:42] [INFO] Watching for file changes with StatReloader
